0 info it worked if it ends with ok
1 verbose cli [ 'node', '/usr/local/bin/npm', 'install', '-g', 'grunt-cli' ]
2 info using npm@2.1.9
3 info using node@v0.10.33
4 verbose node symlink /usr/local/bin/node
5 silly cache add args [ 'grunt-cli', null ]
6 verbose cache add spec grunt-cli
7 silly cache add parsed spec { raw: 'grunt-cli',
7 silly cache add   scope: null,
7 silly cache add   name: 'grunt-cli',
7 silly cache add   rawSpec: '',
7 silly cache add   spec: '*',
7 silly cache add   type: 'range' }
8 verbose addNamed grunt-cli@*
9 silly addNamed semver.valid null
10 silly addNamed semver.validRange *
11 silly addNameRange { name: 'grunt-cli', range: '*', hasData: false }
12 silly mapToRegistry name grunt-cli
13 silly mapToRegistry using default registry
14 silly mapToRegistry registry https://registry.npmjs.org/
15 silly mapToRegistry uri https://registry.npmjs.org/grunt-cli
16 verbose addNameRange registry:https://registry.npmjs.org/grunt-cli not in flight; fetching
17 verbose request uri https://registry.npmjs.org/grunt-cli
18 verbose request no auth needed
19 info attempt registry request try #1 at 13:03:59
20 verbose request id 61351c0bb14a8872
21 http request GET https://registry.npmjs.org/grunt-cli
22 http 200 https://registry.npmjs.org/grunt-cli
23 silly get cb [ 200,
23 silly get   { date: 'Sat, 29 Nov 2014 19:03:59 GMT',
23 silly get     server: 'CouchDB/1.5.0 (Erlang OTP/R16B03)',
23 silly get     etag: '"E3BI2QO4XDSKVDFE2LP5GI0E"',
23 silly get     'content-type': 'application/json',
23 silly get     'cache-control': 'max-age=60',
23 silly get     'content-length': '19986',
23 silly get     'accept-ranges': 'bytes',
23 silly get     via: '1.1 varnish',
23 silly get     age: '22',
23 silly get     'x-served-by': 'cache-jfk1025-JFK',
23 silly get     'x-cache': 'HIT',
23 silly get     'x-cache-hits': '1',
23 silly get     'x-timer': 'S1417287839.106244,VS0,VE0',
23 silly get     vary: 'Accept',
23 silly get     'keep-alive': 'timeout=10, max=50',
23 silly get     connection: 'Keep-Alive' } ]
24 silly addNameRange number 2 { name: 'grunt-cli', range: '*', hasData: true }
25 silly addNameRange versions [ 'grunt-cli',
25 silly addNameRange   [ '0.1.0',
25 silly addNameRange     '0.1.1',
25 silly addNameRange     '0.1.2',
25 silly addNameRange     '0.1.3',
25 silly addNameRange     '0.1.4',
25 silly addNameRange     '0.1.5',
25 silly addNameRange     '0.1.6',
25 silly addNameRange     '0.1.7',
25 silly addNameRange     '0.1.8',
25 silly addNameRange     '0.1.9',
25 silly addNameRange     '0.1.10',
25 silly addNameRange     '0.1.11',
25 silly addNameRange     '0.1.12',
25 silly addNameRange     '0.1.13' ] ]
26 verbose addNamed grunt-cli@0.1.13
27 silly addNamed semver.valid 0.1.13
28 silly addNamed semver.validRange 0.1.13
29 silly cache afterAdd grunt-cli@0.1.13
30 verbose afterAdd /Users/chadcampbell/.npm/grunt-cli/0.1.13/package/package.json not in flight; writing
31 verbose afterAdd /Users/chadcampbell/.npm/grunt-cli/0.1.13/package/package.json written
32 silly install resolved [ { name: 'grunt-cli',
32 silly install resolved     description: 'The grunt command line interface.',
32 silly install resolved     version: '0.1.13',
32 silly install resolved     author: { name: 'Grunt Team' },
32 silly install resolved     homepage: 'http://gruntjs.com/',
32 silly install resolved     repository: { type: 'git', url: 'git://github.com/gruntjs/grunt-cli.git' },
32 silly install resolved     bugs: { url: 'http://github.com/gruntjs/grunt-cli/issues' },
32 silly install resolved     licenses: [ [Object] ],
32 silly install resolved     bin: { grunt: 'bin/grunt' },
32 silly install resolved     engines: { node: '>= 0.8.0' },
32 silly install resolved     scripts: { test: 'node bin/grunt test' },
32 silly install resolved     preferGlobal: true,
32 silly install resolved     dependencies: { nopt: '~1.0.10', 'findup-sync': '~0.1.0', resolve: '~0.3.1' },
32 silly install resolved     devDependencies: { grunt: '~0.4.0', 'grunt-contrib-jshint': '~0.2.0' },
32 silly install resolved     contributors: [ [Object], [Object], [Object], [Object] ],
32 silly install resolved     readme: '# grunt-cli [![Build Status](https://secure.travis-ci.org/gruntjs/grunt-cli.png?branch=master)](http://travis-ci.org/gruntjs/grunt-cli)\n> The Grunt command line interface.\n\nInstall this globally and you\'ll have access to the `grunt` command anywhere on your system.\n\n```shell\nnpm install -g grunt-cli\n```\n\n**Note:** The job of the `grunt` command is to load and run the version of Grunt you have installed locally to your project, irrespective of its version.  Starting with Grunt v0.4, you should never install Grunt itself globally.  For more information about why, [please read this](http://blog.nodejs.org/2011/03/23/npm-1-0-global-vs-local-installation).\n\nSee the [Getting Started](http://gruntjs.com/getting-started) guide for more information.\n\n## Shell tab auto-completion\nTo enable tab auto-completion for Grunt, add one of the following lines to your `~/.bashrc` or `~/.zshrc` file.\n\n```bash\n# Bash, ~/.bashrc\neval "$(grunt --completion=bash)"\n```\n\n```bash\n# Zsh, ~/.zshrc\neval "$(grunt --completion=zsh)"\n```\n\n## Installing grunt-cli locally\nIf you prefer the idiomatic Node.js method to get started with a project (`npm install && npm test`) then install grunt-cli locally with `npm install grunt-cli --save-dev`. Then add a script to your `package.json` to run the associated grunt command: `"scripts": { "test": "grunt test" } `. Now `npm test` will use the locally installed `./node_modules/.bin/grunt` executable to run your Grunt commands.\n\nTo read more about npm scripts, please visit the npm docs: [https://npmjs.org/doc/misc/npm-scripts.html](https://npmjs.org/doc/misc/npm-scripts.html).\n',
32 silly install resolved     readmeFilename: 'README.md',
32 silly install resolved     _id: 'grunt-cli@0.1.13',
32 silly install resolved     _from: 'grunt-cli@*' } ]
33 info install grunt-cli@0.1.13 into /usr/local/lib
34 info installOne grunt-cli@0.1.13
35 verbose installOne of grunt-cli to /usr/local/lib not in flight; installing
36 verbose lock using /Users/chadcampbell/.npm/_locks/grunt-cli-58f484dab06f0a30.lock for /usr/local/lib/node_modules/grunt-cli
37 silly install write writing grunt-cli 0.1.13 to /usr/local/lib/node_modules/grunt-cli
38 silly cache addNamed cb grunt-cli@0.1.13
39 verbose unbuild lib/node_modules/grunt-cli
40 verbose gentlyRm vacuuming /usr/local/lib/node_modules/grunt-cli
41 verbose tar unpack /Users/chadcampbell/.npm/grunt-cli/0.1.13/package.tgz
42 verbose tar unpacking to /usr/local/lib/node_modules/grunt-cli
43 verbose gentlyRm vacuuming /usr/local/lib/node_modules/grunt-cli
44 silly gunzTarPerm modes [ '755', '644' ]
45 error tar.unpack untar error /Users/chadcampbell/.npm/grunt-cli/0.1.13/package.tgz
46 verbose unlock done using /Users/chadcampbell/.npm/_locks/grunt-cli-58f484dab06f0a30.lock for /usr/local/lib/node_modules/grunt-cli
47 verbose fstream_path /usr/local/lib/node_modules/grunt-cli
48 verbose fstream_type Directory
49 verbose fstream_class DirWriter
50 verbose stack Error: EACCES, mkdir '/usr/local/lib/node_modules/grunt-cli'
51 verbose fstream_stack /usr/local/lib/node_modules/npm/node_modules/fstream/lib/dir-writer.js:36:23
51 verbose fstream_stack /usr/local/lib/node_modules/npm/node_modules/mkdirp/index.js:46:53
51 verbose fstream_stack Object.oncomplete (fs.js:107:15)
52 verbose cwd /Users/chadcampbell/Documents/Code/portfolio2
53 error Darwin 14.0.0
54 error argv "node" "/usr/local/bin/npm" "install" "-g" "grunt-cli"
55 error node v0.10.33
56 error npm  v2.1.9
57 error path /usr/local/lib/node_modules/grunt-cli
58 error code EACCES
59 error errno 3
60 error Error: EACCES, mkdir '/usr/local/lib/node_modules/grunt-cli'
60 error  { [Error: EACCES, mkdir '/usr/local/lib/node_modules/grunt-cli']
60 error   errno: 3,
60 error   code: 'EACCES',
60 error   path: '/usr/local/lib/node_modules/grunt-cli',
60 error   fstream_type: 'Directory',
60 error   fstream_path: '/usr/local/lib/node_modules/grunt-cli',
60 error   fstream_class: 'DirWriter',
60 error   fstream_stack:
60 error    [ '/usr/local/lib/node_modules/npm/node_modules/fstream/lib/dir-writer.js:36:23',
60 error      '/usr/local/lib/node_modules/npm/node_modules/mkdirp/index.js:46:53',
60 error      'Object.oncomplete (fs.js:107:15)' ] }
61 error Please try running this command again as root/Administrator.
62 verbose exit [ 3, true ]
63 verbose unbuild lib/node_modules/grunt-cli
64 verbose gentlyRm vacuuming /usr/local/lib/node_modules/grunt-cli
